vacomall/android/app/build/outputs/logs/manifest-merger-release-report.txt
-- Merging decision tree log ---
manifest
ADDED from AndroidManifest.xml:1:1
	package
		ADDED from AndroidManifest.xml:2:11
		INJECTED from AndroidManifest.xml:0:0
		INJECTED from AndroidManifest.xml:0:0
	android:versionName
		ADDED from AndroidManifest.xml:4:11
		INJECTED from AndroidManifest.xml:0:0
		INJECTED from AndroidManifest.xml:0:0
	android:versionCode
		ADDED from AndroidManifest.xml:3:11
		INJECTED from AndroidManifest.xml:0:0
		INJECTED from AndroidManifest.xml:0:0
	xmlns:android
		ADDED from AndroidManifest.xml:1:11
uses-permission#android.permission.INTERNET
ADDED from AndroidManifest.xml:6:5
MERGED from vacomall:react-native-code-push:unspecified:11:5
	android:name
		ADDED from AndroidManifest.xml:6:22
uses-permission#android.permission.SYSTEM_ALERT_WINDOW
ADDED from AndroidManifest.xml:7:5
MERGED from com.facebook.react:react-native:0.24.1:11:5
MERGED from com.facebook.react:react-native:0.24.1:11:5
MERGED from com.facebook.react:react-native:0.24.1:11:5
MERGED from com.facebook.react:react-native:0.24.1:11:5
MERGED from com.facebook.react:react-native:0.24.1:11:5
MERGED from com.facebook.react:react-native:0.24.1:11:5
MERGED from com.facebook.react:react-native:0.24.1:11:5
	android:name
		ADDED from AndroidManifest.xml:7:22
uses-permission#android.permission.ACCESS_NETWORK_STATE
ADDED from AndroidManifest.xml:8:5
	android:name
		ADDED from AndroidManifest.xml:8:22
uses-permission#android.permission.ACCESS_WIFI_STATE
ADDED from AndroidManifest.xml:9:5
	android:name
		ADDED from AndroidManifest.xml:9:22
uses-permission#android.permission.READ_PHONE_STATE
ADDED from AndroidManifest.xml:10:5
	android:name
		ADDED from AndroidManifest.xml:10:22
uses-permission#android.permission.WRITE_EXTERNAL_STORAGE
ADDED from AndroidManifest.xml:11:5
	android:name
		ADDED from AndroidManifest.xml:11:22
uses-sdk
ADDED from AndroidManifest.xml:13:5
MERGED from vacomall:react-native-barcodescanner:unspecified:7:5
MERGED from com.facebook.react:react-native:0.24.1:7:5
MERGED from com.facebook.fresco:fresco:0.8.1:5:5
MERGED from com.facebook.fresco:imagepipeline:0.8.1:5:5
MERGED from com.facebook.fresco:fbcore:0.8.1:5:5
MERGED from com.android.support:support-v4:23.0.1:20:5
MERGED from com.facebook.fresco:fbcore:0.8.1:5:5
MERGED from com.facebook.fresco:drawee:0.8.1:5:5
MERGED from com.facebook.fresco:fbcore:0.8.1:5:5
MERGED from com.android.support:support-v4:23.0.1:20:5
MERGED from com.facebook.fresco:imagepipeline-okhttp:0.8.1:5:5
MERGED from com.facebook.fresco:imagepipeline:0.8.1:5:5
MERGED from com.facebook.fresco:fbcore:0.8.1:5:5
MERGED from com.android.support:support-v4:23.0.1:20:5
MERGED from com.facebook.fresco:fbcore:0.8.1:5:5
MERGED from com.android.support:recyclerview-v7:23.0.1:20:5
MERGED from com.android.support:support-v4:23.0.1:20:5
MERGED from com.android.support:appcompat-v7:23.0.1:20:5
MERGED from com.android.support:support-v4:23.0.1:20:5
MERGED from vacomall:react-native-camera:unspecified:7:5
MERGED from com.facebook.react:react-native:0.24.1:7:5
MERGED from com.facebook.fresco:fresco:0.8.1:5:5
MERGED from com.facebook.fresco:imagepipeline:0.8.1:5:5
MERGED from com.facebook.fresco:fbcore:0.8.1:5:5
MERGED from com.android.support:support-v4:23.0.1:20:5
MERGED from com.facebook.fresco:fbcore:0.8.1:5:5
MERGED from com.facebook.fresco:drawee:0.8.1:5:5
MERGED from com.facebook.fresco:fbcore:0.8.1:5:5
MERGED from com.android.support:support-v4:23.0.1:20:5
MERGED from com.facebook.fresco:imagepipeline-okhttp:0.8.1:5:5
MERGED from com.facebook.fresco:imagepipeline:0.8.1:5:5
MERGED from com.facebook.fresco:fbcore:0.8.1:5:5
MERGED from com.android.support:support-v4:23.0.1:20:5
MERGED from com.facebook.fresco:fbcore:0.8.1:5:5
MERGED from com.android.support:recyclerview-v7:23.0.1:20:5
MERGED from com.android.support:support-v4:23.0.1:20:5
MERGED from com.android.support:appcompat-v7:23.0.1:20:5
MERGED from com.android.support:support-v4:23.0.1:20:5
MERGED from vacomall:react-native-wechat-android:unspecified:5:5
MERGED from com.facebook.react:react-native:0.24.1:7:5
MERGED from com.facebook.fresco:fresco:0.8.1:5:5
MERGED from com.facebook.fresco:imagepipeline:0.8.1:5:5
MERGED from com.facebook.fresco:fbcore:0.8.1:5:5
MERGED from com.android.support:support-v4:23.0.1:20:5
MERGED from com.facebook.fresco:fbcore:0.8.1:5:5
MERGED from com.facebook.fresco:drawee:0.8.1:5:5
MERGED from com.facebook.fresco:fbcore:0.8.1:5:5
MERGED from com.android.support:support-v4:23.0.1:20:5
MERGED from com.facebook.fresco:imagepipeline-okhttp:0.8.1:5:5
MERGED from com.facebook.fresco:imagepipeline:0.8.1:5:5
MERGED from com.facebook.fresco:fbcore:0.8.1:5:5
MERGED from com.android.support:support-v4:23.0.1:20:5
MERGED from com.facebook.fresco:fbcore:0.8.1:5:5
MERGED from com.android.support:recyclerview-v7:23.0.1:20:5
MERGED from com.android.support:support-v4:23.0.1:20:5
MERGED from com.android.support:appcompat-v7:23.0.1:20:5
MERGED from com.android.support:support-v4:23.0.1:20:5
MERGED from vacomall:react-native-code-push:unspecified:7:5
MERGED from com.android.support:appcompat-v7:23.0.1:20:5
MERGED from com.android.support:support-v4:23.0.1:20:5
MERGED from com.facebook.react:react-native:0.24.1:7:5
MERGED from com.facebook.fresco:fresco:0.8.1:5:5
MERGED from com.facebook.fresco:imagepipeline:0.8.1:5:5
MERGED from com.facebook.fresco:fbcore:0.8.1:5:5
MERGED from com.android.support:support-v4:23.0.1:20:5
MERGED from com.facebook.fresco:fbcore:0.8.1:5:5
MERGED from com.facebook.fresco:drawee:0.8.1:5:5
MERGED from com.facebook.fresco:fbcore:0.8.1:5:5
MERGED from com.android.support:support-v4:23.0.1:20:5
MERGED from com.facebook.fresco:imagepipeline-okhttp:0.8.1:5:5
MERGED from com.facebook.fresco:imagepipeline:0.8.1:5:5
MERGED from com.facebook.fresco:fbcore:0.8.1:5:5
MERGED from com.android.support:support-v4:23.0.1:20:5
MERGED from com.facebook.fresco:fbcore:0.8.1:5:5
MERGED from com.android.support:recyclerview-v7:23.0.1:20:5
MERGED from com.android.support:support-v4:23.0.1:20:5
MERGED from com.android.support:appcompat-v7:23.0.1:20:5
MERGED from com.android.support:support-v4:23.0.1:20:5
MERGED from com.android.support:appcompat-v7:23.0.1:20:5
MERGED from com.android.support:support-v4:23.0.1:20:5
MERGED from com.facebook.react:react-native:0.24.1:7:5
MERGED from com.facebook.fresco:fresco:0.8.1:5:5
MERGED from com.facebook.fresco:imagepipeline:0.8.1:5:5
MERGED from com.facebook.fresco:fbcore:0.8.1:5:5
MERGED from com.android.support:support-v4:23.0.1:20:5
MERGED from com.facebook.fresco:fbcore:0.8.1:5:5
MERGED from com.facebook.fresco:drawee:0.8.1:5:5
MERGED from com.facebook.fresco:fbcore:0.8.1:5:5
MERGED from com.android.support:support-v4:23.0.1:20:5
MERGED from com.facebook.fresco:imagepipeline-okhttp:0.8.1:5:5
MERGED from com.facebook.fresco:imagepipeline:0.8.1:5:5
MERGED from com.facebook.fresco:fbcore:0.8.1:5:5
MERGED from com.android.support:support-v4:23.0.1:20:5
MERGED from com.facebook.fresco:fbcore:0.8.1:5:5
MERGED from com.android.support:recyclerview-v7:23.0.1:20:5
MERGED from com.android.support:support-v4:23.0.1:20:5
MERGED from com.android.support:appcompat-v7:23.0.1:20:5
MERGED from com.android.support:support-v4:23.0.1:20:5
MERGED from vacomall:react-native-webview-bridge:unspecified:7:5
MERGED from com.facebook.react:react-native:0.24.1:7:5
MERGED from com.facebook.fresco:fresco:0.8.1:5:5
MERGED from com.facebook.fresco:imagepipeline:0.8.1:5:5
MERGED from com.facebook.fresco:fbcore:0.8.1:5:5
MERGED from com.android.support:support-v4:23.0.1:20:5
MERGED from com.facebook.fresco:fbcore:0.8.1:5:5
MERGED from com.facebook.fresco:drawee:0.8.1:5:5
MERGED from com.facebook.fresco:fbcore:0.8.1:5:5
MERGED from com.android.support:support-v4:23.0.1:20:5
MERGED from com.facebook.fresco:imagepipeline-okhttp:0.8.1:5:5
MERGED from com.facebook.fresco:imagepipeline:0.8.1:5:5
MERGED from com.facebook.fresco:fbcore:0.8.1:5:5
MERGED from com.android.support:support-v4:23.0.1:20:5
MERGED from com.facebook.fresco:fbcore:0.8.1:5:5
MERGED from com.android.support:recyclerview-v7:23.0.1:20:5
MERGED from com.android.support:support-v4:23.0.1:20:5
MERGED from com.android.support:appcompat-v7:23.0.1:20:5
MERGED from com.android.support:support-v4:23.0.1:20:5
MERGED from vacomall:react-native-linear-gradient:unspecified:7:5
MERGED from com.facebook.react:react-native:0.24.1:7:5
MERGED from com.facebook.fresco:fresco:0.8.1:5:5
MERGED from com.facebook.fresco:imagepipeline:0.8.1:5:5
MERGED from com.facebook.fresco:fbcore:0.8.1:5:5
MERGED from com.android.support:support-v4:23.0.1:20:5
MERGED from com.facebook.fresco:fbcore:0.8.1:5:5
MERGED from com.facebook.fresco:drawee:0.8.1:5:5
MERGED from com.facebook.fresco:fbcore:0.8.1:5:5
MERGED from com.android.support:support-v4:23.0.1:20:5
MERGED from com.facebook.fresco:imagepipeline-okhttp:0.8.1:5:5
MERGED from com.facebook.fresco:imagepipeline:0.8.1:5:5
MERGED from com.facebook.fresco:fbcore:0.8.1:5:5
MERGED from com.android.support:support-v4:23.0.1:20:5
MERGED from com.facebook.fresco:fbcore:0.8.1:5:5
MERGED from com.android.support:recyclerview-v7:23.0.1:20:5
MERGED from com.android.support:support-v4:23.0.1:20:5
MERGED from com.android.support:appcompat-v7:23.0.1:20:5
MERGED from com.android.support:support-v4:23.0.1:20:5
	android:targetSdkVersion
		ADDED from AndroidManifest.xml:15:13
		INJECTED from AndroidManifest.xml:0:0
		INJECTED from AndroidManifest.xml:0:0
	android:minSdkVersion
		ADDED from AndroidManifest.xml:14:13
		INJECTED from AndroidManifest.xml:0:0
		INJECTED from AndroidManifest.xml:0:0
application
ADDED from AndroidManifest.xml:17:5
MERGED from com.facebook.react:react-native:0.24.1:13:5
MERGED from org.webkit:android-jsc:r174650:2:3
MERGED from com.android.support:support-v4:23.0.1:22:5
MERGED from com.android.support:support-v4:23.0.1:22:5
MERGED from com.android.support:support-v4:23.0.1:22:5
MERGED from com.android.support:support-v4:23.0.1:22:5
MERGED from com.android.support:appcompat-v7:23.0.1:22:5
MERGED from com.android.support:support-v4:23.0.1:22:5
MERGED from com.facebook.react:react-native:0.24.1:13:5
MERGED from org.webkit:android-jsc:r174650:2:3
MERGED from com.android.support:support-v4:23.0.1:22:5
MERGED from com.android.support:support-v4:23.0.1:22:5
MERGED from com.android.support:support-v4:23.0.1:22:5
MERGED from com.android.support:support-v4:23.0.1:22:5
MERGED from com.android.support:appcompat-v7:23.0.1:22:5
MERGED from com.android.support:support-v4:23.0.1:22:5
MERGED from com.facebook.react:react-native:0.24.1:13:5
MERGED from org.webkit:android-jsc:r174650:2:3
MERGED from com.android.support:support-v4:23.0.1:22:5
MERGED from com.android.support:support-v4:23.0.1:22:5
MERGED from com.android.support:support-v4:23.0.1:22:5
MERGED from com.android.support:support-v4:23.0.1:22:5
MERGED from com.android.support:appcompat-v7:23.0.1:22:5
MERGED from com.android.support:support-v4:23.0.1:22:5
MERGED from vacomall:react-native-code-push:unspecified:13:5
MERGED from com.android.support:appcompat-v7:23.0.1:22:5
MERGED from com.android.support:support-v4:23.0.1:22:5
MERGED from com.facebook.react:react-native:0.24.1:13:5
MERGED from org.webkit:android-jsc:r174650:2:3
MERGED from com.android.support:support-v4:23.0.1:22:5
MERGED from com.android.support:support-v4:23.0.1:22:5
MERGED from com.android.support:support-v4:23.0.1:22:5
MERGED from com.android.support:support-v4:23.0.1:22:5
MERGED from com.android.support:appcompat-v7:23.0.1:22:5
MERGED from com.android.support:support-v4:23.0.1:22:5
MERGED from com.android.support:appcompat-v7:23.0.1:22:5
MERGED from com.android.support:support-v4:23.0.1:22:5
MERGED from com.facebook.react:react-native:0.24.1:13:5
MERGED from org.webkit:android-jsc:r174650:2:3
MERGED from com.android.support:support-v4:23.0.1:22:5
MERGED from com.android.support:support-v4:23.0.1:22:5
MERGED from com.android.support:support-v4:23.0.1:22:5
MERGED from com.android.support:support-v4:23.0.1:22:5
MERGED from com.android.support:appcompat-v7:23.0.1:22:5
MERGED from com.android.support:support-v4:23.0.1:22:5
MERGED from com.facebook.react:react-native:0.24.1:13:5
MERGED from org.webkit:android-jsc:r174650:2:3
MERGED from com.android.support:support-v4:23.0.1:22:5
MERGED from com.android.support:support-v4:23.0.1:22:5
MERGED from com.android.support:support-v4:23.0.1:22:5
MERGED from com.android.support:support-v4:23.0.1:22:5
MERGED from com.android.support:appcompat-v7:23.0.1:22:5
MERGED from com.android.support:support-v4:23.0.1:22:5
MERGED from com.facebook.react:react-native:0.24.1:13:5
MERGED from org.webkit:android-jsc:r174650:2:3
MERGED from com.android.support:support-v4:23.0.1:22:5
MERGED from com.android.support:support-v4:23.0.1:22:5
MERGED from com.android.support:support-v4:23.0.1:22:5
MERGED from com.android.support:support-v4:23.0.1:22:5
MERGED from com.android.support:appcompat-v7:23.0.1:22:5
MERGED from com.android.support:support-v4:23.0.1:22:5
	android:label
		ADDED from AndroidManifest.xml:19:13
	android:allowBackup
		ADDED from AndroidManifest.xml:18:13
	android:icon
		ADDED from AndroidManifest.xml:20:13
	android:theme
		ADDED from AndroidManifest.xml:21:13
activity#com.vacomall.app.agent.general.MainActivity
ADDED from AndroidManifest.xml:22:9
	android:label
		ADDED from AndroidManifest.xml:24:17
	android:configChanges
		ADDED from AndroidManifest.xml:25:17
	android:name
		ADDED from AndroidManifest.xml:23:17
intent-filter#android.intent.action.MAIN+android.intent.category.LAUNCHER
ADDED from AndroidManifest.xml:27:13
action#android.intent.action.MAIN
ADDED from AndroidManifest.xml:28:17
	android:name
		ADDED from AndroidManifest.xml:28:25
category#android.intent.category.LAUNCHER
ADDED from AndroidManifest.xml:29:17
	android:name
		ADDED from AndroidManifest.xml:29:27
activity#com.facebook.react.devsupport.DevSettingsActivity
ADDED from AndroidManifest.xml:32:9
MERGED from vacomall:react-native-code-push:unspecified:16:9
	android:name
		ADDED from AndroidManifest.xml:32:19
activity#com.vacomall.app.agent.general.wxapi.WXEntryActivity
ADDED from AndroidManifest.xml:33:9
	android:exported
		ADDED from AndroidManifest.xml:35:17
	android:theme
		ADDED from AndroidManifest.xml:36:17
	android:name
		ADDED from AndroidManifest.xml:34:17
activity#com.vacomall.app.agent.general.wxapi.WXPayEntryActivity
ADDED from AndroidManifest.xml:37:9
	android:exported
		ADDED from AndroidManifest.xml:39:17
	android:theme
		ADDED from AndroidManifest.xml:40:17
	android:name
		ADDED from AndroidManifest.xml:38:17
uses-permission#android.permission.CAMERA
ADDED from vacomall:react-native-barcodescanner:unspecified:11:5
MERGED from vacomall:react-native-camera:unspecified:11:5
	android:name
		ADDED from vacomall:react-native-barcodescanner:unspecified:11:22
uses-feature#android.hardware.camera
ADDED from vacomall:react-native-barcodescanner:unspecified:13:5
MERGED from vacomall:react-native-camera:unspecified:13:5
	android:required
		ADDED from vacomall:react-native-barcodescanner:unspecified:15:9
	android:name
		ADDED from vacomall:react-native-barcodescanner:unspecified:14:9
uses-feature#android.hardware.camera.front
ADDED from vacomall:react-native-barcodescanner:unspecified:16:5
	android:required
		ADDED from vacomall:react-native-barcodescanner:unspecified:18:9
	android:name
		ADDED from vacomall:react-native-barcodescanner:unspecified:17:9
android:uses-permission#android.permission.READ_EXTERNAL_STORAGE
IMPLIED from AndroidManifest.xml:1:1 reason: org.webkit.android_jsc requested WRITE_EXTERNAL_STORAGE
uses-feature#android.hardware.camera.autofocus
ADDED from vacomall:react-native-camera:unspecified:16:5
	android:required
		ADDED from vacomall:react-native-camera:unspecified:18:9
	android:name
		ADDED from vacomall:react-native-camera:unspecified:17:9